/!\ FAILSAFE /!\  Sun Aug 22 14:52:11 +0100 2010
  Status: 500 Internal Server Error
  no such file to load -- sqlite3
    C:/Ruby/lib/ruby/site_ruby/1.8/rubygems/custom_require.rb:31:in `gem_original_require'
    C:/Ruby/lib/ruby/site_ruby/1.8/rubygems/custom_require.rb:31:in `require'
    C:/Ruby/lib/ruby/gems/1.8/gems/activesupport-2.3.2/lib/active_support/dependencies.rb:156:in `require'
    C:/Ruby/lib/ruby/gems/1.8/gems/activesupport-2.3.2/lib/active_support/dependencies.rb:521:in `new_constants_in'
    C:/Ruby/lib/ruby/gems/1.8/gems/activesupport-2.3.2/lib/active_support/dependencies.rb:156:in `require'
    C:/Ruby/lib/ruby/gems/1.8/gems/activesupport-2.3.2/lib/active_support/core_ext/kernel/requires.rb:7:in `require_library_or_gem'
    C:/Ruby/lib/ruby/gems/1.8/gems/activesupport-2.3.2/lib/active_support/core_ext/kernel/reporting.rb:11:in `silence_warnings'
    C:/Ruby/lib/ruby/gems/1.8/gems/activesupport-2.3.2/lib/active_support/core_ext/kernel/requires.rb:5:in `require_library_or_gem'
    C:/Ruby/lib/ruby/gems/1.8/gems/activerecord-2.3.2/lib/active_record/connection_adapters/sqlite3_adapter.rb:10:in `sqlite3_connection'
    C:/Ruby/lib/ruby/gems/1.8/gems/activerecord-2.3.2/lib/active_record/connection_adapters/abstract/connection_pool.rb:223:in `send'
    C:/Ruby/lib/ruby/gems/1.8/gems/activerecord-2.3.2/lib/active_record/connection_adapters/abstract/connection_pool.rb:223:in `new_connection'
    C:/Ruby/lib/ruby/gems/1.8/gems/activerecord-2.3.2/lib/active_record/connection_adapters/abstract/connection_pool.rb:245:in `checkout_new_connection'
    C:/Ruby/lib/ruby/gems/1.8/gems/activerecord-2.3.2/lib/active_record/connection_adapters/abstract/connection_pool.rb:188:in `checkout'
    C:/Ruby/lib/ruby/gems/1.8/gems/activerecord-2.3.2/lib/active_record/connection_adapters/abstract/connection_pool.rb:184:in `loop'
    C:/Ruby/lib/ruby/gems/1.8/gems/activerecord-2.3.2/lib/active_record/connection_adapters/abstract/connection_pool.rb:184:in `checkout'
    C:/Ruby/lib/ruby/1.8/monitor.rb:242:in `synchronize'
    C:/Ruby/lib/ruby/gems/1.8/gems/activerecord-2.3.2/lib/active_record/connection_adapters/abstract/connection_pool.rb:183:in `checkout'
    C:/Ruby/lib/ruby/gems/1.8/gems/activerecord-2.3.2/lib/active_record/connection_adapters/abstract/connection_pool.rb:98:in `connection'
    C:/Ruby/lib/ruby/gems/1.8/gems/activerecord-2.3.2/lib/active_record/connection_adapters/abstract/connection_pool.rb:326:in `retrieve_connection'
    C:/Ruby/lib/ruby/gems/1.8/gems/activerecord-2.3.2/lib/active_record/connection_adapters/abstract/connection_specification.rb:123:in `retrieve_connection'
    C:/Ruby/lib/ruby/gems/1.8/gems/activerecord-2.3.2/lib/active_record/connection_adapters/abstract/connection_specification.rb:115:in `connection'
    C:/Ruby/lib/ruby/gems/1.8/gems/activerecord-2.3.2/lib/active_record/query_cache.rb:9:in `cache'
    C:/Ruby/lib/ruby/gems/1.8/gems/activerecord-2.3.2/lib/active_record/query_cache.rb:28:in `call'
    C:/Ruby/lib/ruby/gems/1.8/gems/activerecord-2.3.2/lib/active_record/connection_adapters/abstract/connection_pool.rb:361:in `call'
    C:/Ruby/lib/ruby/gems/1.8/gems/actionpack-2.3.2/lib/action_controller/vendor/rack-1.0/rack/head.rb:9:in `call'
    C:/Ruby/lib/ruby/gems/1.8/gems/actionpack-2.3.2/lib/action_controller/vendor/rack-1.0/rack/methodoverride.rb:24:in `call'
    C:/Ruby/lib/ruby/gems/1.8/gems/actionpack-2.3.2/lib/action_controller/params_parser.rb:15:in `call'
    C:/Ruby/lib/ruby/gems/1.8/gems/actionpack-2.3.2/lib/action_controller/rewindable_input.rb:25:in `call'
    C:/Ruby/lib/ruby/gems/1.8/gems/actionpack-2.3.2/lib/action_controller/session/cookie_store.rb:93:in `call'
    C:/Ruby/lib/ruby/gems/1.8/gems/actionpack-2.3.2/lib/action_controller/reloader.rb:9:in `call'
    C:/Ruby/lib/ruby/gems/1.8/gems/actionpack-2.3.2/lib/action_controller/failsafe.rb:11:in `call'
    C:/Ruby/lib/ruby/gems/1.8/gems/actionpack-2.3.2/lib/action_controller/vendor/rack-1.0/rack/lock.rb:11:in `call'
    C:/Ruby/lib/ruby/gems/1.8/gems/actionpack-2.3.2/lib/action_controller/vendor/rack-1.0/rack/lock.rb:11:in `synchronize'
    C:/Ruby/lib/ruby/gems/1.8/gems/actionpack-2.3.2/lib/action_controller/vendor/rack-1.0/rack/lock.rb:11:in `call'
    C:/Ruby/lib/ruby/gems/1.8/gems/actionpack-2.3.2/lib/action_controller/dispatcher.rb:106:in `call'
    C:/Ruby/lib/ruby/gems/1.8/gems/rails-2.3.2/lib/rails/rack/static.rb:31:in `call'
    C:/Ruby/lib/ruby/gems/1.8/gems/actionpack-2.3.2/lib/action_controller/vendor/rack-1.0/rack/urlmap.rb:46:in `call'
    C:/Ruby/lib/ruby/gems/1.8/gems/actionpack-2.3.2/lib/action_controller/vendor/rack-1.0/rack/urlmap.rb:40:in `each'
    C:/Ruby/lib/ruby/gems/1.8/gems/actionpack-2.3.2/lib/action_controller/vendor/rack-1.0/rack/urlmap.rb:40:in `call'
    C:/Ruby/lib/ruby/gems/1.8/gems/rails-2.3.2/lib/rails/rack/log_tailer.rb:17:in `call'
    C:/Ruby/lib/ruby/gems/1.8/gems/actionpack-2.3.2/lib/action_controller/vendor/rack-1.0/rack/content_length.rb:13:in `call'
    C:/Ruby/lib/ruby/gems/1.8/gems/actionpack-2.3.2/lib/action_controller/vendor/rack-1.0/rack/handler/webrick.rb:46:in `service'
    C:/Ruby/lib/ruby/1.8/webrick/httpserver.rb:104:in `service'
    C:/Ruby/lib/ruby/1.8/webrick/httpserver.rb:65:in `run'
    C:/Ruby/lib/ruby/1.8/webrick/server.rb:173:in `start_thread'
    C:/Ruby/lib/ruby/1.8/webrick/server.rb:162:in `start'
    C:/Ruby/lib/ruby/1.8/webrick/server.rb:162:in `start_thread'
    C:/Ruby/lib/ruby/1.8/webrick/server.rb:95:in `start'
    C:/Ruby/lib/ruby/1.8/webrick/server.rb:92:in `each'
    C:/Ruby/lib/ruby/1.8/webrick/server.rb:92:in `start'
    C:/Ruby/lib/ruby/1.8/webrick/server.rb:23:in `start'
    C:/Ruby/lib/ruby/1.8/webrick/server.rb:82:in `start'
    C:/Ruby/lib/ruby/gems/1.8/gems/actionpack-2.3.2/lib/action_controller/vendor/rack-1.0/rack/handler/webrick.rb:13:in `run'
    C:/Ruby/lib/ruby/gems/1.8/gems/rails-2.3.2/lib/commands/server.rb:111
    C:/Ruby/lib/ruby/site_ruby/1.8/rubygems/custom_require.rb:31:in `gem_original_require'
    C:/Ruby/lib/ruby/site_ruby/1.8/rubygems/custom_require.rb:31:in `require'
    script/server:3
/!\ FAILSAFE /!\  Sun Aug 22 15:27:55 +0100 2010
  Status: 500 Internal Server Error
  no such file to load -- sqlite3
    C:/Ruby/lib/ruby/site_ruby/1.8/rubygems/custom_require.rb:31:in `gem_original_require'
    C:/Ruby/lib/ruby/site_ruby/1.8/rubygems/custom_require.rb:31:in `require'
    C:/Ruby/lib/ruby/gems/1.8/gems/activesupport-2.3.2/lib/active_support/dependencies.rb:156:in `require'
    C:/Ruby/lib/ruby/gems/1.8/gems/activesupport-2.3.2/lib/active_support/dependencies.rb:521:in `new_constants_in'
    C:/Ruby/lib/ruby/gems/1.8/gems/activesupport-2.3.2/lib/active_support/dependencies.rb:156:in `require'
    C:/Ruby/lib/ruby/gems/1.8/gems/activesupport-2.3.2/lib/active_support/core_ext/kernel/requires.rb:7:in `require_library_or_gem'
    C:/Ruby/lib/ruby/gems/1.8/gems/activesupport-2.3.2/lib/active_support/core_ext/kernel/reporting.rb:11:in `silence_warnings'
    C:/Ruby/lib/ruby/gems/1.8/gems/activesupport-2.3.2/lib/active_support/core_ext/kernel/requires.rb:5:in `require_library_or_gem'
    C:/Ruby/lib/ruby/gems/1.8/gems/activerecord-2.3.2/lib/active_record/connection_adapters/sqlite3_adapter.rb:10:in `sqlite3_connection'
    C:/Ruby/lib/ruby/gems/1.8/gems/activerecord-2.3.2/lib/active_record/connection_adapters/abstract/connection_pool.rb:223:in `send'
    C:/Ruby/lib/ruby/gems/1.8/gems/activerecord-2.3.2/lib/active_record/connection_adapters/abstract/connection_pool.rb:223:in `new_connection'
    C:/Ruby/lib/ruby/gems/1.8/gems/activerecord-2.3.2/lib/active_record/connection_adapters/abstract/connection_pool.rb:245:in `checkout_new_connection'
    C:/Ruby/lib/ruby/gems/1.8/gems/activerecord-2.3.2/lib/active_record/connection_adapters/abstract/connection_pool.rb:188:in `checkout'
    C:/Ruby/lib/ruby/gems/1.8/gems/activerecord-2.3.2/lib/active_record/connection_adapters/abstract/connection_pool.rb:184:in `loop'
    C:/Ruby/lib/ruby/gems/1.8/gems/activerecord-2.3.2/lib/active_record/connection_adapters/abstract/connection_pool.rb:184:in `checkout'
    C:/Ruby/lib/ruby/1.8/monitor.rb:242:in `synchronize'
    C:/Ruby/lib/ruby/gems/1.8/gems/activerecord-2.3.2/lib/active_record/connection_adapters/abstract/connection_pool.rb:183:in `checkout'
    C:/Ruby/lib/ruby/gems/1.8/gems/activerecord-2.3.2/lib/active_record/connection_adapters/abstract/connection_pool.rb:98:in `connection'
    C:/Ruby/lib/ruby/gems/1.8/gems/activerecord-2.3.2/lib/active_record/connection_adapters/abstract/connection_pool.rb:326:in `retrieve_connection'
    C:/Ruby/lib/ruby/gems/1.8/gems/activerecord-2.3.2/lib/active_record/connection_adapters/abstract/connection_specification.rb:123:in `retrieve_connection'
    C:/Ruby/lib/ruby/gems/1.8/gems/activerecord-2.3.2/lib/active_record/connection_adapters/abstract/connection_specification.rb:115:in `connection'
    C:/Ruby/lib/ruby/gems/1.8/gems/activerecord-2.3.2/lib/active_record/query_cache.rb:9:in `cache'
    C:/Ruby/lib/ruby/gems/1.8/gems/activerecord-2.3.2/lib/active_record/query_cache.rb:28:in `call'
    C:/Ruby/lib/ruby/gems/1.8/gems/activerecord-2.3.2/lib/active_record/connection_adapters/abstract/connection_pool.rb:361:in `call'
    C:/Ruby/lib/ruby/gems/1.8/gems/actionpack-2.3.2/lib/action_controller/vendor/rack-1.0/rack/head.rb:9:in `call'
    C:/Ruby/lib/ruby/gems/1.8/gems/actionpack-2.3.2/lib/action_controller/vendor/rack-1.0/rack/methodoverride.rb:24:in `call'
    C:/Ruby/lib/ruby/gems/1.8/gems/actionpack-2.3.2/lib/action_controller/params_parser.rb:15:in `call'
    C:/Ruby/lib/ruby/gems/1.8/gems/actionpack-2.3.2/lib/action_controller/rewindable_input.rb:25:in `call'
    C:/Ruby/lib/ruby/gems/1.8/gems/actionpack-2.3.2/lib/action_controller/session/cookie_store.rb:93:in `call'
    C:/Ruby/lib/ruby/gems/1.8/gems/actionpack-2.3.2/lib/action_controller/reloader.rb:9:in `call'
    C:/Ruby/lib/ruby/gems/1.8/gems/actionpack-2.3.2/lib/action_controller/failsafe.rb:11:in `call'
    C:/Ruby/lib/ruby/gems/1.8/gems/actionpack-2.3.2/lib/action_controller/vendor/rack-1.0/rack/lock.rb:11:in `call'
    C:/Ruby/lib/ruby/gems/1.8/gems/actionpack-2.3.2/lib/action_controller/vendor/rack-1.0/rack/lock.rb:11:in `synchronize'
    C:/Ruby/lib/ruby/gems/1.8/gems/actionpack-2.3.2/lib/action_controller/vendor/rack-1.0/rack/lock.rb:11:in `call'
    C:/Ruby/lib/ruby/gems/1.8/gems/actionpack-2.3.2/lib/action_controller/dispatcher.rb:106:in `call'
    C:/Ruby/lib/ruby/gems/1.8/gems/rails-2.3.2/lib/rails/rack/static.rb:31:in `call'
    C:/Ruby/lib/ruby/gems/1.8/gems/actionpack-2.3.2/lib/action_controller/vendor/rack-1.0/rack/urlmap.rb:46:in `call'
    C:/Ruby/lib/ruby/gems/1.8/gems/actionpack-2.3.2/lib/action_controller/vendor/rack-1.0/rack/urlmap.rb:40:in `each'
    C:/Ruby/lib/ruby/gems/1.8/gems/actionpack-2.3.2/lib/action_controller/vendor/rack-1.0/rack/urlmap.rb:40:in `call'
    C:/Ruby/lib/ruby/gems/1.8/gems/rails-2.3.2/lib/rails/rack/log_tailer.rb:17:in `call'
    C:/Ruby/lib/ruby/gems/1.8/gems/actionpack-2.3.2/lib/action_controller/vendor/rack-1.0/rack/content_length.rb:13:in `call'
    C:/Ruby/lib/ruby/gems/1.8/gems/actionpack-2.3.2/lib/action_controller/vendor/rack-1.0/rack/handler/webrick.rb:46:in `service'
    C:/Ruby/lib/ruby/1.8/webrick/httpserver.rb:104:in `service'
    C:/Ruby/lib/ruby/1.8/webrick/httpserver.rb:65:in `run'
    C:/Ruby/lib/ruby/1.8/webrick/server.rb:173:in `start_thread'
    C:/Ruby/lib/ruby/1.8/webrick/server.rb:162:in `start'
    C:/Ruby/lib/ruby/1.8/webrick/server.rb:162:in `start_thread'
    C:/Ruby/lib/ruby/1.8/webrick/server.rb:95:in `start'
    C:/Ruby/lib/ruby/1.8/webrick/server.rb:92:in `each'
    C:/Ruby/lib/ruby/1.8/webrick/server.rb:92:in `start'
    C:/Ruby/lib/ruby/1.8/webrick/server.rb:23:in `start'
    C:/Ruby/lib/ruby/1.8/webrick/server.rb:82:in `start'
    C:/Ruby/lib/ruby/gems/1.8/gems/actionpack-2.3.2/lib/action_controller/vendor/rack-1.0/rack/handler/webrick.rb:13:in `run'
    C:/Ruby/lib/ruby/gems/1.8/gems/rails-2.3.2/lib/commands/server.rb:111
    C:/Ruby/lib/ruby/site_ruby/1.8/rubygems/custom_require.rb:31:in `gem_original_require'
    C:/Ruby/lib/ruby/site_ruby/1.8/rubygems/custom_require.rb:31:in `require'
    script/server:3
/!\ FAILSAFE /!\  Sun Aug 22 15:30:57 +0100 2010
  Status: 500 Internal Server Error
  no such file to load -- sqlite3
    C:/Ruby/lib/ruby/site_ruby/1.8/rubygems/custom_require.rb:31:in `gem_original_require'
    C:/Ruby/lib/ruby/site_ruby/1.8/rubygems/custom_require.rb:31:in `require'
    C:/Ruby/lib/ruby/gems/1.8/gems/activesupport-2.3.2/lib/active_support/dependencies.rb:156:in `require'
    C:/Ruby/lib/ruby/gems/1.8/gems/activesupport-2.3.2/lib/active_support/dependencies.rb:521:in `new_constants_in'
    C:/Ruby/lib/ruby/gems/1.8/gems/activesupport-2.3.2/lib/active_support/dependencies.rb:156:in `require'
    C:/Ruby/lib/ruby/gems/1.8/gems/activesupport-2.3.2/lib/active_support/core_ext/kernel/requires.rb:7:in `require_library_or_gem'
    C:/Ruby/lib/ruby/gems/1.8/gems/activesupport-2.3.2/lib/active_support/core_ext/kernel/reporting.rb:11:in `silence_warnings'
    C:/Ruby/lib/ruby/gems/1.8/gems/activesupport-2.3.2/lib/active_support/core_ext/kernel/requires.rb:5:in `require_library_or_gem'
    C:/Ruby/lib/ruby/gems/1.8/gems/activerecord-2.3.2/lib/active_record/connection_adapters/sqlite3_adapter.rb:10:in `sqlite3_connection'
    C:/Ruby/lib/ruby/gems/1.8/gems/activerecord-2.3.2/lib/active_record/connection_adapters/abstract/connection_pool.rb:223:in `send'
    C:/Ruby/lib/ruby/gems/1.8/gems/activerecord-2.3.2/lib/active_record/connection_adapters/abstract/connection_pool.rb:223:in `new_connection'
    C:/Ruby/lib/ruby/gems/1.8/gems/activerecord-2.3.2/lib/active_record/connection_adapters/abstract/connection_pool.rb:245:in `checkout_new_connection'
    C:/Ruby/lib/ruby/gems/1.8/gems/activerecord-2.3.2/lib/active_record/connection_adapters/abstract/connection_pool.rb:188:in `checkout'
    C:/Ruby/lib/ruby/gems/1.8/gems/activerecord-2.3.2/lib/active_record/connection_adapters/abstract/connection_pool.rb:184:in `loop'
    C:/Ruby/lib/ruby/gems/1.8/gems/activerecord-2.3.2/lib/active_record/connection_adapters/abstract/connection_pool.rb:184:in `checkout'
    C:/Ruby/lib/ruby/1.8/monitor.rb:242:in `synchronize'
    C:/Ruby/lib/ruby/gems/1.8/gems/activerecord-2.3.2/lib/active_record/connection_adapters/abstract/connection_pool.rb:183:in `checkout'
    C:/Ruby/lib/ruby/gems/1.8/gems/activerecord-2.3.2/lib/active_record/connection_adapters/abstract/connection_pool.rb:98:in `connection'
    C:/Ruby/lib/ruby/gems/1.8/gems/activerecord-2.3.2/lib/active_record/connection_adapters/abstract/connection_pool.rb:326:in `retrieve_connection'
    C:/Ruby/lib/ruby/gems/1.8/gems/activerecord-2.3.2/lib/active_record/connection_adapters/abstract/connection_specification.rb:123:in `retrieve_connection'
    C:/Ruby/lib/ruby/gems/1.8/gems/activerecord-2.3.2/lib/active_record/connection_adapters/abstract/connection_specification.rb:115:in `connection'
    C:/Ruby/lib/ruby/gems/1.8/gems/activerecord-2.3.2/lib/active_record/query_cache.rb:9:in `cache'
    C:/Ruby/lib/ruby/gems/1.8/gems/activerecord-2.3.2/lib/active_record/query_cache.rb:28:in `call'
    C:/Ruby/lib/ruby/gems/1.8/gems/activerecord-2.3.2/lib/active_record/connection_adapters/abstract/connection_pool.rb:361:in `call'
    C:/Ruby/lib/ruby/gems/1.8/gems/actionpack-2.3.2/lib/action_controller/vendor/rack-1.0/rack/head.rb:9:in `call'
    C:/Ruby/lib/ruby/gems/1.8/gems/actionpack-2.3.2/lib/action_controller/vendor/rack-1.0/rack/methodoverride.rb:24:in `call'
    C:/Ruby/lib/ruby/gems/1.8/gems/actionpack-2.3.2/lib/action_controller/params_parser.rb:15:in `call'
    C:/Ruby/lib/ruby/gems/1.8/gems/actionpack-2.3.2/lib/action_controller/rewindable_input.rb:25:in `call'
    C:/Ruby/lib/ruby/gems/1.8/gems/actionpack-2.3.2/lib/action_controller/session/cookie_store.rb:93:in `call'
    C:/Ruby/lib/ruby/gems/1.8/gems/actionpack-2.3.2/lib/action_controller/reloader.rb:9:in `call'
    C:/Ruby/lib/ruby/gems/1.8/gems/actionpack-2.3.2/lib/action_controller/failsafe.rb:11:in `call'
    C:/Ruby/lib/ruby/gems/1.8/gems/actionpack-2.3.2/lib/action_controller/vendor/rack-1.0/rack/lock.rb:11:in `call'
    C:/Ruby/lib/ruby/gems/1.8/gems/actionpack-2.3.2/lib/action_controller/vendor/rack-1.0/rack/lock.rb:11:in `synchronize'
    C:/Ruby/lib/ruby/gems/1.8/gems/actionpack-2.3.2/lib/action_controller/vendor/rack-1.0/rack/lock.rb:11:in `call'
    C:/Ruby/lib/ruby/gems/1.8/gems/actionpack-2.3.2/lib/action_controller/dispatcher.rb:106:in `call'
    C:/Ruby/lib/ruby/gems/1.8/gems/rails-2.3.2/lib/rails/rack/static.rb:31:in `call'
    C:/Ruby/lib/ruby/gems/1.8/gems/actionpack-2.3.2/lib/action_controller/vendor/rack-1.0/rack/urlmap.rb:46:in `call'
    C:/Ruby/lib/ruby/gems/1.8/gems/actionpack-2.3.2/lib/action_controller/vendor/rack-1.0/rack/urlmap.rb:40:in `each'
    C:/Ruby/lib/ruby/gems/1.8/gems/actionpack-2.3.2/lib/action_controller/vendor/rack-1.0/rack/urlmap.rb:40:in `call'
    C:/Ruby/lib/ruby/gems/1.8/gems/rails-2.3.2/lib/rails/rack/log_tailer.rb:17:in `call'
    C:/Ruby/lib/ruby/gems/1.8/gems/actionpack-2.3.2/lib/action_controller/vendor/rack-1.0/rack/content_length.rb:13:in `call'
    C:/Ruby/lib/ruby/gems/1.8/gems/actionpack-2.3.2/lib/action_controller/vendor/rack-1.0/rack/handler/webrick.rb:46:in `service'
    C:/Ruby/lib/ruby/1.8/webrick/httpserver.rb:104:in `service'
    C:/Ruby/lib/ruby/1.8/webrick/httpserver.rb:65:in `run'
    C:/Ruby/lib/ruby/1.8/webrick/server.rb:173:in `start_thread'
    C:/Ruby/lib/ruby/1.8/webrick/server.rb:162:in `start'
    C:/Ruby/lib/ruby/1.8/webrick/server.rb:162:in `start_thread'
    C:/Ruby/lib/ruby/1.8/webrick/server.rb:95:in `start'
    C:/Ruby/lib/ruby/1.8/webrick/server.rb:92:in `each'
    C:/Ruby/lib/ruby/1.8/webrick/server.rb:92:in `start'
    C:/Ruby/lib/ruby/1.8/webrick/server.rb:23:in `start'
    C:/Ruby/lib/ruby/1.8/webrick/server.rb:82:in `start'
    C:/Ruby/lib/ruby/gems/1.8/gems/actionpack-2.3.2/lib/action_controller/vendor/rack-1.0/rack/handler/webrick.rb:13:in `run'
    C:/Ruby/lib/ruby/gems/1.8/gems/rails-2.3.2/lib/commands/server.rb:111
    C:/Ruby/lib/ruby/site_ruby/1.8/rubygems/custom_require.rb:31:in `gem_original_require'
    C:/Ruby/lib/ruby/site_ruby/1.8/rubygems/custom_require.rb:31:in `require'
    script/server:3
/!\ FAILSAFE /!\  Sun Aug 22 15:33:46 +0100 2010
  Status: 500 Internal Server Error
  no such file to load -- sqlite3
    C:/Ruby/lib/ruby/site_ruby/1.8/rubygems/custom_require.rb:31:in `gem_original_require'
    C:/Ruby/lib/ruby/site_ruby/1.8/rubygems/custom_require.rb:31:in `require'
    C:/Ruby/lib/ruby/gems/1.8/gems/activesupport-2.3.2/lib/active_support/dependencies.rb:156:in `require'
    C:/Ruby/lib/ruby/gems/1.8/gems/activesupport-2.3.2/lib/active_support/dependencies.rb:521:in `new_constants_in'
    C:/Ruby/lib/ruby/gems/1.8/gems/activesupport-2.3.2/lib/active_support/dependencies.rb:156:in `require'
    C:/Ruby/lib/ruby/gems/1.8/gems/activesupport-2.3.2/lib/active_support/core_ext/kernel/requires.rb:7:in `require_library_or_gem'
    C:/Ruby/lib/ruby/gems/1.8/gems/activesupport-2.3.2/lib/active_support/core_ext/kernel/reporting.rb:11:in `silence_warnings'
    C:/Ruby/lib/ruby/gems/1.8/gems/activesupport-2.3.2/lib/active_support/core_ext/kernel/requires.rb:5:in `require_library_or_gem'
    C:/Ruby/lib/ruby/gems/1.8/gems/activerecord-2.3.2/lib/active_record/connection_adapters/sqlite3_adapter.rb:10:in `sqlite3_connection'
    C:/Ruby/lib/ruby/gems/1.8/gems/activerecord-2.3.2/lib/active_record/connection_adapters/abstract/connection_pool.rb:223:in `send'
    C:/Ruby/lib/ruby/gems/1.8/gems/activerecord-2.3.2/lib/active_record/connection_adapters/abstract/connection_pool.rb:223:in `new_connection'
    C:/Ruby/lib/ruby/gems/1.8/gems/activerecord-2.3.2/lib/active_record/connection_adapters/abstract/connection_pool.rb:245:in `checkout_new_connection'
    C:/Ruby/lib/ruby/gems/1.8/gems/activerecord-2.3.2/lib/active_record/connection_adapters/abstract/connection_pool.rb:188:in `checkout'
    C:/Ruby/lib/ruby/gems/1.8/gems/activerecord-2.3.2/lib/active_record/connection_adapters/abstract/connection_pool.rb:184:in `loop'
    C:/Ruby/lib/ruby/gems/1.8/gems/activerecord-2.3.2/lib/active_record/connection_adapters/abstract/connection_pool.rb:184:in `checkout'
    C:/Ruby/lib/ruby/1.8/monitor.rb:242:in `synchronize'
    C:/Ruby/lib/ruby/gems/1.8/gems/activerecord-2.3.2/lib/active_record/connection_adapters/abstract/connection_pool.rb:183:in `checkout'
    C:/Ruby/lib/ruby/gems/1.8/gems/activerecord-2.3.2/lib/active_record/connection_adapters/abstract/connection_pool.rb:98:in `connection'
    C:/Ruby/lib/ruby/gems/1.8/gems/activerecord-2.3.2/lib/active_record/connection_adapters/abstract/connection_pool.rb:326:in `retrieve_connection'
    C:/Ruby/lib/ruby/gems/1.8/gems/activerecord-2.3.2/lib/active_record/connection_adapters/abstract/connection_specification.rb:123:in `retrieve_connection'
    C:/Ruby/lib/ruby/gems/1.8/gems/activerecord-2.3.2/lib/active_record/connection_adapters/abstract/connection_specification.rb:115:in `connection'
    C:/Ruby/lib/ruby/gems/1.8/gems/activerecord-2.3.2/lib/active_record/query_cache.rb:9:in `cache'
    C:/Ruby/lib/ruby/gems/1.8/gems/activerecord-2.3.2/lib/active_record/query_cache.rb:28:in `call'
    C:/Ruby/lib/ruby/gems/1.8/gems/activerecord-2.3.2/lib/active_record/connection_adapters/abstract/connection_pool.rb:361:in `call'
    C:/Ruby/lib/ruby/gems/1.8/gems/actionpack-2.3.2/lib/action_controller/vendor/rack-1.0/rack/head.rb:9:in `call'
    C:/Ruby/lib/ruby/gems/1.8/gems/actionpack-2.3.2/lib/action_controller/vendor/rack-1.0/rack/methodoverride.rb:24:in `call'
    C:/Ruby/lib/ruby/gems/1.8/gems/actionpack-2.3.2/lib/action_controller/params_parser.rb:15:in `call'
    C:/Ruby/lib/ruby/gems/1.8/gems/actionpack-2.3.2/lib/action_controller/rewindable_input.rb:25:in `call'
    C:/Ruby/lib/ruby/gems/1.8/gems/actionpack-2.3.2/lib/action_controller/session/cookie_store.rb:93:in `call'
    C:/Ruby/lib/ruby/gems/1.8/gems/actionpack-2.3.2/lib/action_controller/reloader.rb:9:in `call'
    C:/Ruby/lib/ruby/gems/1.8/gems/actionpack-2.3.2/lib/action_controller/failsafe.rb:11:in `call'
    C:/Ruby/lib/ruby/gems/1.8/gems/actionpack-2.3.2/lib/action_controller/vendor/rack-1.0/rack/lock.rb:11:in `call'
    C:/Ruby/lib/ruby/gems/1.8/gems/actionpack-2.3.2/lib/action_controller/vendor/rack-1.0/rack/lock.rb:11:in `synchronize'
    C:/Ruby/lib/ruby/gems/1.8/gems/actionpack-2.3.2/lib/action_controller/vendor/rack-1.0/rack/lock.rb:11:in `call'
    C:/Ruby/lib/ruby/gems/1.8/gems/actionpack-2.3.2/lib/action_controller/dispatcher.rb:106:in `call'
    C:/Ruby/lib/ruby/gems/1.8/gems/rails-2.3.2/lib/rails/rack/static.rb:31:in `call'
    C:/Ruby/lib/ruby/gems/1.8/gems/actionpack-2.3.2/lib/action_controller/vendor/rack-1.0/rack/urlmap.rb:46:in `call'
    C:/Ruby/lib/ruby/gems/1.8/gems/actionpack-2.3.2/lib/action_controller/vendor/rack-1.0/rack/urlmap.rb:40:in `each'
    C:/Ruby/lib/ruby/gems/1.8/gems/actionpack-2.3.2/lib/action_controller/vendor/rack-1.0/rack/urlmap.rb:40:in `call'
    C:/Ruby/lib/ruby/gems/1.8/gems/rails-2.3.2/lib/rails/rack/log_tailer.rb:17:in `call'
    C:/Ruby/lib/ruby/gems/1.8/gems/actionpack-2.3.2/lib/action_controller/vendor/rack-1.0/rack/content_length.rb:13:in `call'
    C:/Ruby/lib/ruby/gems/1.8/gems/actionpack-2.3.2/lib/action_controller/vendor/rack-1.0/rack/handler/webrick.rb:46:in `service'
    C:/Ruby/lib/ruby/1.8/webrick/httpserver.rb:104:in `service'
    C:/Ruby/lib/ruby/1.8/webrick/httpserver.rb:65:in `run'
    C:/Ruby/lib/ruby/1.8/webrick/server.rb:173:in `start_thread'
    C:/Ruby/lib/ruby/1.8/webrick/server.rb:162:in `start'
    C:/Ruby/lib/ruby/1.8/webrick/server.rb:162:in `start_thread'
    C:/Ruby/lib/ruby/1.8/webrick/server.rb:95:in `start'
    C:/Ruby/lib/ruby/1.8/webrick/server.rb:92:in `each'
    C:/Ruby/lib/ruby/1.8/webrick/server.rb:92:in `start'
    C:/Ruby/lib/ruby/1.8/webrick/server.rb:23:in `start'
    C:/Ruby/lib/ruby/1.8/webrick/server.rb:82:in `start'
    C:/Ruby/lib/ruby/gems/1.8/gems/actionpack-2.3.2/lib/action_controller/vendor/rack-1.0/rack/handler/webrick.rb:13:in `run'
    C:/Ruby/lib/ruby/gems/1.8/gems/rails-2.3.2/lib/commands/server.rb:111
    C:/Ruby/lib/ruby/site_ruby/1.8/rubygems/custom_require.rb:31:in `gem_original_require'
    C:/Ruby/lib/ruby/site_ruby/1.8/rubygems/custom_require.rb:31:in `require'
    script/server:3
/!\ FAILSAFE /!\  Sun Aug 22 21:50:51 +0100 2010
  Status: 500 Internal Server Error
  no such file to load -- sqlite3
    C:/Ruby/lib/ruby/site_ruby/1.8/rubygems/custom_require.rb:31:in `gem_original_require'
    C:/Ruby/lib/ruby/site_ruby/1.8/rubygems/custom_require.rb:31:in `require'
    C:/Ruby/lib/ruby/gems/1.8/gems/activesupport-2.3.2/lib/active_support/dependencies.rb:156:in `require'
    C:/Ruby/lib/ruby/gems/1.8/gems/activesupport-2.3.2/lib/active_support/dependencies.rb:521:in `new_constants_in'
    C:/Ruby/lib/ruby/gems/1.8/gems/activesupport-2.3.2/lib/active_support/dependencies.rb:156:in `require'
    C:/Ruby/lib/ruby/gems/1.8/gems/activesupport-2.3.2/lib/active_support/core_ext/kernel/requires.rb:7:in `require_library_or_gem'
    C:/Ruby/lib/ruby/gems/1.8/gems/activesupport-2.3.2/lib/active_support/core_ext/kernel/reporting.rb:11:in `silence_warnings'
    C:/Ruby/lib/ruby/gems/1.8/gems/activesupport-2.3.2/lib/active_support/core_ext/kernel/requires.rb:5:in `require_library_or_gem'
    C:/Ruby/lib/ruby/gems/1.8/gems/activerecord-2.3.2/lib/active_record/connection_adapters/sqlite3_adapter.rb:10:in `sqlite3_connection'
    C:/Ruby/lib/ruby/gems/1.8/gems/activerecord-2.3.2/lib/active_record/connection_adapters/abstract/connection_pool.rb:223:in `send'
    C:/Ruby/lib/ruby/gems/1.8/gems/activerecord-2.3.2/lib/active_record/connection_adapters/abstract/connection_pool.rb:223:in `new_connection'
    C:/Ruby/lib/ruby/gems/1.8/gems/activerecord-2.3.2/lib/active_record/connection_adapters/abstract/connection_pool.rb:245:in `checkout_new_connection'
    C:/Ruby/lib/ruby/gems/1.8/gems/activerecord-2.3.2/lib/active_record/connection_adapters/abstract/connection_pool.rb:188:in `checkout'
    C:/Ruby/lib/ruby/gems/1.8/gems/activerecord-2.3.2/lib/active_record/connection_adapters/abstract/connection_pool.rb:184:in `loop'
    C:/Ruby/lib/ruby/gems/1.8/gems/activerecord-2.3.2/lib/active_record/connection_adapters/abstract/connection_pool.rb:184:in `checkout'
    C:/Ruby/lib/ruby/1.8/monitor.rb:242:in `synchronize'
    C:/Ruby/lib/ruby/gems/1.8/gems/activerecord-2.3.2/lib/active_record/connection_adapters/abstract/connection_pool.rb:183:in `checkout'
    C:/Ruby/lib/ruby/gems/1.8/gems/activerecord-2.3.2/lib/active_record/connection_adapters/abstract/connection_pool.rb:98:in `connection'
    C:/Ruby/lib/ruby/gems/1.8/gems/activerecord-2.3.2/lib/active_record/connection_adapters/abstract/connection_pool.rb:326:in `retrieve_connection'
    C:/Ruby/lib/ruby/gems/1.8/gems/activerecord-2.3.2/lib/active_record/connection_adapters/abstract/connection_specification.rb:123:in `retrieve_connection'
    C:/Ruby/lib/ruby/gems/1.8/gems/activerecord-2.3.2/lib/active_record/connection_adapters/abstract/connection_specification.rb:115:in `connection'
    C:/Ruby/lib/ruby/gems/1.8/gems/activerecord-2.3.2/lib/active_record/query_cache.rb:9:in `cache'
    C:/Ruby/lib/ruby/gems/1.8/gems/activerecord-2.3.2/lib/active_record/query_cache.rb:28:in `call'
    C:/Ruby/lib/ruby/gems/1.8/gems/activerecord-2.3.2/lib/active_record/connection_adapters/abstract/connection_pool.rb:361:in `call'
    C:/Ruby/lib/ruby/gems/1.8/gems/actionpack-2.3.2/lib/action_controller/vendor/rack-1.0/rack/head.rb:9:in `call'
    C:/Ruby/lib/ruby/gems/1.8/gems/actionpack-2.3.2/lib/action_controller/vendor/rack-1.0/rack/methodoverride.rb:24:in `call'
    C:/Ruby/lib/ruby/gems/1.8/gems/actionpack-2.3.2/lib/action_controller/params_parser.rb:15:in `call'
    C:/Ruby/lib/ruby/gems/1.8/gems/actionpack-2.3.2/lib/action_controller/rewindable_input.rb:25:in `call'
    C:/Ruby/lib/ruby/gems/1.8/gems/actionpack-2.3.2/lib/action_controller/session/cookie_store.rb:93:in `call'
    C:/Ruby/lib/ruby/gems/1.8/gems/actionpack-2.3.2/lib/action_controller/reloader.rb:9:in `call'
    C:/Ruby/lib/ruby/gems/1.8/gems/actionpack-2.3.2/lib/action_controller/failsafe.rb:11:in `call'
    C:/Ruby/lib/ruby/gems/1.8/gems/actionpack-2.3.2/lib/action_controller/vendor/rack-1.0/rack/lock.rb:11:in `call'
    C:/Ruby/lib/ruby/gems/1.8/gems/actionpack-2.3.2/lib/action_controller/vendor/rack-1.0/rack/lock.rb:11:in `synchronize'
    C:/Ruby/lib/ruby/gems/1.8/gems/actionpack-2.3.2/lib/action_controller/vendor/rack-1.0/rack/lock.rb:11:in `call'
    C:/Ruby/lib/ruby/gems/1.8/gems/actionpack-2.3.2/lib/action_controller/dispatcher.rb:106:in `call'
    C:/Ruby/lib/ruby/gems/1.8/gems/rails-2.3.2/lib/rails/rack/static.rb:31:in `call'
    C:/Ruby/lib/ruby/gems/1.8/gems/actionpack-2.3.2/lib/action_controller/vendor/rack-1.0/rack/urlmap.rb:46:in `call'
    C:/Ruby/lib/ruby/gems/1.8/gems/actionpack-2.3.2/lib/action_controller/vendor/rack-1.0/rack/urlmap.rb:40:in `each'
    C:/Ruby/lib/ruby/gems/1.8/gems/actionpack-2.3.2/lib/action_controller/vendor/rack-1.0/rack/urlmap.rb:40:in `call'
    C:/Ruby/lib/ruby/gems/1.8/gems/rails-2.3.2/lib/rails/rack/log_tailer.rb:17:in `call'
    C:/Ruby/lib/ruby/gems/1.8/gems/actionpack-2.3.2/lib/action_controller/vendor/rack-1.0/rack/content_length.rb:13:in `call'
    C:/Ruby/lib/ruby/gems/1.8/gems/actionpack-2.3.2/lib/action_controller/vendor/rack-1.0/rack/chunked.rb:15:in `call'
    C:/Ruby/lib/ruby/gems/1.8/gems/actionpack-2.3.2/lib/action_controller/vendor/rack-1.0/rack/handler/mongrel.rb:61:in `process'
    C:/Ruby/lib/ruby/gems/1.8/gems/mongrel-1.1.5-x86-mingw32/lib/mongrel.rb:159:in `process_client'
    C:/Ruby/lib/ruby/gems/1.8/gems/mongrel-1.1.5-x86-mingw32/lib/mongrel.rb:158:in `each'
    C:/Ruby/lib/ruby/gems/1.8/gems/mongrel-1.1.5-x86-mingw32/lib/mongrel.rb:158:in `process_client'
    C:/Ruby/lib/ruby/gems/1.8/gems/mongrel-1.1.5-x86-mingw32/lib/mongrel.rb:285:in `run'
    C:/Ruby/lib/ruby/gems/1.8/gems/mongrel-1.1.5-x86-mingw32/lib/mongrel.rb:285:in `initialize'
    C:/Ruby/lib/ruby/gems/1.8/gems/mongrel-1.1.5-x86-mingw32/lib/mongrel.rb:285:in `new'
    C:/Ruby/lib/ruby/gems/1.8/gems/mongrel-1.1.5-x86-mingw32/lib/mongrel.rb:285:in `run'
    C:/Ruby/lib/ruby/gems/1.8/gems/mongrel-1.1.5-x86-mingw32/lib/mongrel.rb:268:in `initialize'
    C:/Ruby/lib/ruby/gems/1.8/gems/mongrel-1.1.5-x86-mingw32/lib/mongrel.rb:268:in `new'
    C:/Ruby/lib/ruby/gems/1.8/gems/mongrel-1.1.5-x86-mingw32/lib/mongrel.rb:268:in `run'
    C:/Ruby/lib/ruby/gems/1.8/gems/actionpack-2.3.2/lib/action_controller/vendor/rack-1.0/rack/handler/mongrel.rb:34:in `run'
    C:/Ruby/lib/ruby/gems/1.8/gems/rails-2.3.2/lib/commands/server.rb:111
    C:/Ruby/lib/ruby/site_ruby/1.8/rubygems/custom_require.rb:31:in `gem_original_require'
    C:/Ruby/lib/ruby/site_ruby/1.8/rubygems/custom_require.rb:31:in `require'
    script/server:3
/!\ FAILSAFE /!\  Sun Aug 22 21:51:30 +0100 2010
  Status: 500 Internal Server Error
  no such file to load -- sqlite3
    C:/Ruby/lib/ruby/site_ruby/1.8/rubygems/custom_require.rb:31:in `gem_original_require'
    C:/Ruby/lib/ruby/site_ruby/1.8/rubygems/custom_require.rb:31:in `require'
    C:/Ruby/lib/ruby/gems/1.8/gems/activesupport-2.3.2/lib/active_support/dependencies.rb:156:in `require'
    C:/Ruby/lib/ruby/gems/1.8/gems/activesupport-2.3.2/lib/active_support/dependencies.rb:521:in `new_constants_in'
    C:/Ruby/lib/ruby/gems/1.8/gems/activesupport-2.3.2/lib/active_support/dependencies.rb:156:in `require'
    C:/Ruby/lib/ruby/gems/1.8/gems/activesupport-2.3.2/lib/active_support/core_ext/kernel/requires.rb:7:in `require_library_or_gem'
    C:/Ruby/lib/ruby/gems/1.8/gems/activesupport-2.3.2/lib/active_support/core_ext/kernel/reporting.rb:11:in `silence_warnings'
    C:/Ruby/lib/ruby/gems/1.8/gems/activesupport-2.3.2/lib/active_support/core_ext/kernel/requires.rb:5:in `require_library_or_gem'
    C:/Ruby/lib/ruby/gems/1.8/gems/activerecord-2.3.2/lib/active_record/connection_adapters/sqlite3_adapter.rb:10:in `sqlite3_connection'
    C:/Ruby/lib/ruby/gems/1.8/gems/activerecord-2.3.2/lib/active_record/connection_adapters/abstract/connection_pool.rb:223:in `send'
    C:/Ruby/lib/ruby/gems/1.8/gems/activerecord-2.3.2/lib/active_record/connection_adapters/abstract/connection_pool.rb:223:in `new_connection'
    C:/Ruby/lib/ruby/gems/1.8/gems/activerecord-2.3.2/lib/active_record/connection_adapters/abstract/connection_pool.rb:245:in `checkout_new_connection'
    C:/Ruby/lib/ruby/gems/1.8/gems/activerecord-2.3.2/lib/active_record/connection_adapters/abstract/connection_pool.rb:188:in `checkout'
    C:/Ruby/lib/ruby/gems/1.8/gems/activerecord-2.3.2/lib/active_record/connection_adapters/abstract/connection_pool.rb:184:in `loop'
    C:/Ruby/lib/ruby/gems/1.8/gems/activerecord-2.3.2/lib/active_record/connection_adapters/abstract/connection_pool.rb:184:in `checkout'
    C:/Ruby/lib/ruby/1.8/monitor.rb:242:in `synchronize'
    C:/Ruby/lib/ruby/gems/1.8/gems/activerecord-2.3.2/lib/active_record/connection_adapters/abstract/connection_pool.rb:183:in `checkout'
    C:/Ruby/lib/ruby/gems/1.8/gems/activerecord-2.3.2/lib/active_record/connection_adapters/abstract/connection_pool.rb:98:in `connection'
    C:/Ruby/lib/ruby/gems/1.8/gems/activerecord-2.3.2/lib/active_record/connection_adapters/abstract/connection_pool.rb:326:in `retrieve_connection'
    C:/Ruby/lib/ruby/gems/1.8/gems/activerecord-2.3.2/lib/active_record/connection_adapters/abstract/connection_specification.rb:123:in `retrieve_connection'
    C:/Ruby/lib/ruby/gems/1.8/gems/activerecord-2.3.2/lib/active_record/connection_adapters/abstract/connection_specification.rb:115:in `connection'
    C:/Ruby/lib/ruby/gems/1.8/gems/activerecord-2.3.2/lib/active_record/query_cache.rb:9:in `cache'
    C:/Ruby/lib/ruby/gems/1.8/gems/activerecord-2.3.2/lib/active_record/query_cache.rb:28:in `call'
    C:/Ruby/lib/ruby/gems/1.8/gems/activerecord-2.3.2/lib/active_record/connection_adapters/abstract/connection_pool.rb:361:in `call'
    C:/Ruby/lib/ruby/gems/1.8/gems/actionpack-2.3.2/lib/action_controller/vendor/rack-1.0/rack/head.rb:9:in `call'
    C:/Ruby/lib/ruby/gems/1.8/gems/actionpack-2.3.2/lib/action_controller/vendor/rack-1.0/rack/methodoverride.rb:24:in `call'
    C:/Ruby/lib/ruby/gems/1.8/gems/actionpack-2.3.2/lib/action_controller/params_parser.rb:15:in `call'
    C:/Ruby/lib/ruby/gems/1.8/gems/actionpack-2.3.2/lib/action_controller/rewindable_input.rb:25:in `call'
    C:/Ruby/lib/ruby/gems/1.8/gems/actionpack-2.3.2/lib/action_controller/session/cookie_store.rb:93:in `call'
    C:/Ruby/lib/ruby/gems/1.8/gems/actionpack-2.3.2/lib/action_controller/reloader.rb:9:in `call'
    C:/Ruby/lib/ruby/gems/1.8/gems/actionpack-2.3.2/lib/action_controller/failsafe.rb:11:in `call'
    C:/Ruby/lib/ruby/gems/1.8/gems/actionpack-2.3.2/lib/action_controller/vendor/rack-1.0/rack/lock.rb:11:in `call'
    C:/Ruby/lib/ruby/gems/1.8/gems/actionpack-2.3.2/lib/action_controller/vendor/rack-1.0/rack/lock.rb:11:in `synchronize'
    C:/Ruby/lib/ruby/gems/1.8/gems/actionpack-2.3.2/lib/action_controller/vendor/rack-1.0/rack/lock.rb:11:in `call'
    C:/Ruby/lib/ruby/gems/1.8/gems/actionpack-2.3.2/lib/action_controller/dispatcher.rb:106:in `call'
    C:/Ruby/lib/ruby/gems/1.8/gems/rails-2.3.2/lib/rails/rack/static.rb:31:in `call'
    C:/Ruby/lib/ruby/gems/1.8/gems/actionpack-2.3.2/lib/action_controller/vendor/rack-1.0/rack/urlmap.rb:46:in `call'
    C:/Ruby/lib/ruby/gems/1.8/gems/actionpack-2.3.2/lib/action_controller/vendor/rack-1.0/rack/urlmap.rb:40:in `each'
    C:/Ruby/lib/ruby/gems/1.8/gems/actionpack-2.3.2/lib/action_controller/vendor/rack-1.0/rack/urlmap.rb:40:in `call'
    C:/Ruby/lib/ruby/gems/1.8/gems/rails-2.3.2/lib/rails/rack/log_tailer.rb:17:in `call'
    C:/Ruby/lib/ruby/gems/1.8/gems/actionpack-2.3.2/lib/action_controller/vendor/rack-1.0/rack/content_length.rb:13:in `call'
    C:/Ruby/lib/ruby/gems/1.8/gems/actionpack-2.3.2/lib/action_controller/vendor/rack-1.0/rack/chunked.rb:15:in `call'
    C:/Ruby/lib/ruby/gems/1.8/gems/actionpack-2.3.2/lib/action_controller/vendor/rack-1.0/rack/handler/mongrel.rb:61:in `process'
    C:/Ruby/lib/ruby/gems/1.8/gems/mongrel-1.1.5-x86-mingw32/lib/mongrel.rb:159:in `process_client'
    C:/Ruby/lib/ruby/gems/1.8/gems/mongrel-1.1.5-x86-mingw32/lib/mongrel.rb:158:in `each'
    C:/Ruby/lib/ruby/gems/1.8/gems/mongrel-1.1.5-x86-mingw32/lib/mongrel.rb:158:in `process_client'
    C:/Ruby/lib/ruby/gems/1.8/gems/mongrel-1.1.5-x86-mingw32/lib/mongrel.rb:285:in `run'
    C:/Ruby/lib/ruby/gems/1.8/gems/mongrel-1.1.5-x86-mingw32/lib/mongrel.rb:285:in `initialize'
    C:/Ruby/lib/ruby/gems/1.8/gems/mongrel-1.1.5-x86-mingw32/lib/mongrel.rb:285:in `new'
    C:/Ruby/lib/ruby/gems/1.8/gems/mongrel-1.1.5-x86-mingw32/lib/mongrel.rb:285:in `run'
    C:/Ruby/lib/ruby/gems/1.8/gems/mongrel-1.1.5-x86-mingw32/lib/mongrel.rb:268:in `initialize'
    C:/Ruby/lib/ruby/gems/1.8/gems/mongrel-1.1.5-x86-mingw32/lib/mongrel.rb:268:in `new'
    C:/Ruby/lib/ruby/gems/1.8/gems/mongrel-1.1.5-x86-mingw32/lib/mongrel.rb:268:in `run'
    C:/Ruby/lib/ruby/gems/1.8/gems/actionpack-2.3.2/lib/action_controller/vendor/rack-1.0/rack/handler/mongrel.rb:34:in `run'
    C:/Ruby/lib/ruby/gems/1.8/gems/rails-2.3.2/lib/commands/server.rb:111
    C:/Ruby/lib/ruby/site_ruby/1.8/rubygems/custom_require.rb:31:in `gem_original_require'
    C:/Ruby/lib/ruby/site_ruby/1.8/rubygems/custom_require.rb:31:in `require'
    script/server:3
/!\ FAILSAFE /!\  Sun Aug 22 21:54:17 +0100 2010
  Status: 500 Internal Server Error
  Unknown database 'websheet'
    C:/Ruby/lib/ruby/gems/1.8/gems/activerecord-2.3.2/lib/active_record/connection_adapters/mysql_adapter.rb:576:in `real_connect'
    C:/Ruby/lib/ruby/gems/1.8/gems/activerecord-2.3.2/lib/active_record/connection_adapters/mysql_adapter.rb:576:in `connect'
    C:/Ruby/lib/ruby/gems/1.8/gems/activerecord-2.3.2/lib/active_record/connection_adapters/mysql_adapter.rb:204:in `initialize'
    C:/Ruby/lib/ruby/gems/1.8/gems/activerecord-2.3.2/lib/active_record/connection_adapters/mysql_adapter.rb:76:in `new'
    C:/Ruby/lib/ruby/gems/1.8/gems/activerecord-2.3.2/lib/active_record/connection_adapters/mysql_adapter.rb:76:in `mysql_connection'
    C:/Ruby/lib/ruby/gems/1.8/gems/activerecord-2.3.2/lib/active_record/connection_adapters/abstract/connection_pool.rb:223:in `send'
    C:/Ruby/lib/ruby/gems/1.8/gems/activerecord-2.3.2/lib/active_record/connection_adapters/abstract/connection_pool.rb:223:in `new_connection'
    C:/Ruby/lib/ruby/gems/1.8/gems/activerecord-2.3.2/lib/active_record/connection_adapters/abstract/connection_pool.rb:245:in `checkout_new_connection'
    C:/Ruby/lib/ruby/gems/1.8/gems/activerecord-2.3.2/lib/active_record/connection_adapters/abstract/connection_pool.rb:188:in `checkout'
    C:/Ruby/lib/ruby/gems/1.8/gems/activerecord-2.3.2/lib/active_record/connection_adapters/abstract/connection_pool.rb:184:in `loop'
    C:/Ruby/lib/ruby/gems/1.8/gems/activerecord-2.3.2/lib/active_record/connection_adapters/abstract/connection_pool.rb:184:in `checkout'
    C:/Ruby/lib/ruby/1.8/monitor.rb:242:in `synchronize'
    C:/Ruby/lib/ruby/gems/1.8/gems/activerecord-2.3.2/lib/active_record/connection_adapters/abstract/connection_pool.rb:183:in `checkout'
    C:/Ruby/lib/ruby/gems/1.8/gems/activerecord-2.3.2/lib/active_record/connection_adapters/abstract/connection_pool.rb:98:in `connection'
    C:/Ruby/lib/ruby/gems/1.8/gems/activerecord-2.3.2/lib/active_record/connection_adapters/abstract/connection_pool.rb:326:in `retrieve_connection'
    C:/Ruby/lib/ruby/gems/1.8/gems/activerecord-2.3.2/lib/active_record/connection_adapters/abstract/connection_specification.rb:123:in `retrieve_connection'
    C:/Ruby/lib/ruby/gems/1.8/gems/activerecord-2.3.2/lib/active_record/connection_adapters/abstract/connection_specification.rb:115:in `connection'
    C:/Ruby/lib/ruby/gems/1.8/gems/activerecord-2.3.2/lib/active_record/query_cache.rb:9:in `cache'
    C:/Ruby/lib/ruby/gems/1.8/gems/activerecord-2.3.2/lib/active_record/query_cache.rb:28:in `call'
    C:/Ruby/lib/ruby/gems/1.8/gems/activerecord-2.3.2/lib/active_record/connection_adapters/abstract/connection_pool.rb:361:in `call'
    C:/Ruby/lib/ruby/gems/1.8/gems/actionpack-2.3.2/lib/action_controller/vendor/rack-1.0/rack/head.rb:9:in `call'
    C:/Ruby/lib/ruby/gems/1.8/gems/actionpack-2.3.2/lib/action_controller/vendor/rack-1.0/rack/methodoverride.rb:24:in `call'
    C:/Ruby/lib/ruby/gems/1.8/gems/actionpack-2.3.2/lib/action_controller/params_parser.rb:15:in `call'
    C:/Ruby/lib/ruby/gems/1.8/gems/actionpack-2.3.2/lib/action_controller/rewindable_input.rb:25:in `call'
    C:/Ruby/lib/ruby/gems/1.8/gems/actionpack-2.3.2/lib/action_controller/session/cookie_store.rb:93:in `call'
    C:/Ruby/lib/ruby/gems/1.8/gems/actionpack-2.3.2/lib/action_controller/reloader.rb:9:in `call'
    C:/Ruby/lib/ruby/gems/1.8/gems/actionpack-2.3.2/lib/action_controller/failsafe.rb:11:in `call'
    C:/Ruby/lib/ruby/gems/1.8/gems/actionpack-2.3.2/lib/action_controller/vendor/rack-1.0/rack/lock.rb:11:in `call'
    C:/Ruby/lib/ruby/gems/1.8/gems/actionpack-2.3.2/lib/action_controller/vendor/rack-1.0/rack/lock.rb:11:in `synchronize'
    C:/Ruby/lib/ruby/gems/1.8/gems/actionpack-2.3.2/lib/action_controller/vendor/rack-1.0/rack/lock.rb:11:in `call'
    C:/Ruby/lib/ruby/gems/1.8/gems/actionpack-2.3.2/lib/action_controller/dispatcher.rb:106:in `call'
    C:/Ruby/lib/ruby/gems/1.8/gems/rails-2.3.2/lib/rails/rack/static.rb:31:in `call'
    C:/Ruby/lib/ruby/gems/1.8/gems/actionpack-2.3.2/lib/action_controller/vendor/rack-1.0/rack/urlmap.rb:46:in `call'
    C:/Ruby/lib/ruby/gems/1.8/gems/actionpack-2.3.2/lib/action_controller/vendor/rack-1.0/rack/urlmap.rb:40:in `each'
    C:/Ruby/lib/ruby/gems/1.8/gems/actionpack-2.3.2/lib/action_controller/vendor/rack-1.0/rack/urlmap.rb:40:in `call'
    C:/Ruby/lib/ruby/gems/1.8/gems/rails-2.3.2/lib/rails/rack/log_tailer.rb:17:in `call'
    C:/Ruby/lib/ruby/gems/1.8/gems/actionpack-2.3.2/lib/action_controller/vendor/rack-1.0/rack/content_length.rb:13:in `call'
    C:/Ruby/lib/ruby/gems/1.8/gems/actionpack-2.3.2/lib/action_controller/vendor/rack-1.0/rack/chunked.rb:15:in `call'
    C:/Ruby/lib/ruby/gems/1.8/gems/actionpack-2.3.2/lib/action_controller/vendor/rack-1.0/rack/handler/mongrel.rb:61:in `process'
    C:/Ruby/lib/ruby/gems/1.8/gems/mongrel-1.1.5-x86-mingw32/lib/mongrel.rb:159:in `process_client'
    C:/Ruby/lib/ruby/gems/1.8/gems/mongrel-1.1.5-x86-mingw32/lib/mongrel.rb:158:in `each'
    C:/Ruby/lib/ruby/gems/1.8/gems/mongrel-1.1.5-x86-mingw32/lib/mongrel.rb:158:in `process_client'
    C:/Ruby/lib/ruby/gems/1.8/gems/mongrel-1.1.5-x86-mingw32/lib/mongrel.rb:285:in `run'
    C:/Ruby/lib/ruby/gems/1.8/gems/mongrel-1.1.5-x86-mingw32/lib/mongrel.rb:285:in `initialize'
    C:/Ruby/lib/ruby/gems/1.8/gems/mongrel-1.1.5-x86-mingw32/lib/mongrel.rb:285:in `new'
    C:/Ruby/lib/ruby/gems/1.8/gems/mongrel-1.1.5-x86-mingw32/lib/mongrel.rb:285:in `run'
    C:/Ruby/lib/ruby/gems/1.8/gems/mongrel-1.1.5-x86-mingw32/lib/mongrel.rb:268:in `initialize'
    C:/Ruby/lib/ruby/gems/1.8/gems/mongrel-1.1.5-x86-mingw32/lib/mongrel.rb:268:in `new'
    C:/Ruby/lib/ruby/gems/1.8/gems/mongrel-1.1.5-x86-mingw32/lib/mongrel.rb:268:in `run'
    C:/Ruby/lib/ruby/gems/1.8/gems/actionpack-2.3.2/lib/action_controller/vendor/rack-1.0/rack/handler/mongrel.rb:34:in `run'
    C:/Ruby/lib/ruby/gems/1.8/gems/rails-2.3.2/lib/commands/server.rb:111
    C:/Ruby/lib/ruby/site_ruby/1.8/rubygems/custom_require.rb:31:in `gem_original_require'
    C:/Ruby/lib/ruby/site_ruby/1.8/rubygems/custom_require.rb:31:in `require'
    script/server:3
/!\ FAILSAFE /!\  Sun Aug 22 21:54:37 +0100 2010
  Status: 500 Internal Server Error
  Unknown database 'websheet'
    C:/Ruby/lib/ruby/gems/1.8/gems/activerecord-2.3.2/lib/active_record/connection_adapters/mysql_adapter.rb:576:in `real_connect'
    C:/Ruby/lib/ruby/gems/1.8/gems/activerecord-2.3.2/lib/active_record/connection_adapters/mysql_adapter.rb:576:in `connect'
    C:/Ruby/lib/ruby/gems/1.8/gems/activerecord-2.3.2/lib/active_record/connection_adapters/mysql_adapter.rb:204:in `initialize'
    C:/Ruby/lib/ruby/gems/1.8/gems/activerecord-2.3.2/lib/active_record/connection_adapters/mysql_adapter.rb:76:in `new'
    C:/Ruby/lib/ruby/gems/1.8/gems/activerecord-2.3.2/lib/active_record/connection_adapters/mysql_adapter.rb:76:in `mysql_connection'
    C:/Ruby/lib/ruby/gems/1.8/gems/activerecord-2.3.2/lib/active_record/connection_adapters/abstract/connection_pool.rb:223:in `send'
    C:/Ruby/lib/ruby/gems/1.8/gems/activerecord-2.3.2/lib/active_record/connection_adapters/abstract/connection_pool.rb:223:in `new_connection'
    C:/Ruby/lib/ruby/gems/1.8/gems/activerecord-2.3.2/lib/active_record/connection_adapters/abstract/connection_pool.rb:245:in `checkout_new_connection'
    C:/Ruby/lib/ruby/gems/1.8/gems/activerecord-2.3.2/lib/active_record/connection_adapters/abstract/connection_pool.rb:188:in `checkout'
    C:/Ruby/lib/ruby/gems/1.8/gems/activerecord-2.3.2/lib/active_record/connection_adapters/abstract/connection_pool.rb:184:in `loop'
    C:/Ruby/lib/ruby/gems/1.8/gems/activerecord-2.3.2/lib/active_record/connection_adapters/abstract/connection_pool.rb:184:in `checkout'
    C:/Ruby/lib/ruby/1.8/monitor.rb:242:in `synchronize'
    C:/Ruby/lib/ruby/gems/1.8/gems/activerecord-2.3.2/lib/active_record/connection_adapters/abstract/connection_pool.rb:183:in `checkout'
    C:/Ruby/lib/ruby/gems/1.8/gems/activerecord-2.3.2/lib/active_record/connection_adapters/abstract/connection_pool.rb:98:in `connection'
    C:/Ruby/lib/ruby/gems/1.8/gems/activerecord-2.3.2/lib/active_record/connection_adapters/abstract/connection_pool.rb:326:in `retrieve_connection'
    C:/Ruby/lib/ruby/gems/1.8/gems/activerecord-2.3.2/lib/active_record/connection_adapters/abstract/connection_specification.rb:123:in `retrieve_connection'
    C:/Ruby/lib/ruby/gems/1.8/gems/activerecord-2.3.2/lib/active_record/connection_adapters/abstract/connection_specification.rb:115:in `connection'
    C:/Ruby/lib/ruby/gems/1.8/gems/activerecord-2.3.2/lib/active_record/query_cache.rb:9:in `cache'
    C:/Ruby/lib/ruby/gems/1.8/gems/activerecord-2.3.2/lib/active_record/query_cache.rb:28:in `call'
    C:/Ruby/lib/ruby/gems/1.8/gems/activerecord-2.3.2/lib/active_record/connection_adapters/abstract/connection_pool.rb:361:in `call'
    C:/Ruby/lib/ruby/gems/1.8/gems/actionpack-2.3.2/lib/action_controller/vendor/rack-1.0/rack/head.rb:9:in `call'
    C:/Ruby/lib/ruby/gems/1.8/gems/actionpack-2.3.2/lib/action_controller/vendor/rack-1.0/rack/methodoverride.rb:24:in `call'
    C:/Ruby/lib/ruby/gems/1.8/gems/actionpack-2.3.2/lib/action_controller/params_parser.rb:15:in `call'
    C:/Ruby/lib/ruby/gems/1.8/gems/actionpack-2.3.2/lib/action_controller/rewindable_input.rb:25:in `call'
    C:/Ruby/lib/ruby/gems/1.8/gems/actionpack-2.3.2/lib/action_controller/session/cookie_store.rb:93:in `call'
    C:/Ruby/lib/ruby/gems/1.8/gems/actionpack-2.3.2/lib/action_controller/reloader.rb:9:in `call'
    C:/Ruby/lib/ruby/gems/1.8/gems/actionpack-2.3.2/lib/action_controller/failsafe.rb:11:in `call'
    C:/Ruby/lib/ruby/gems/1.8/gems/actionpack-2.3.2/lib/action_controller/vendor/rack-1.0/rack/lock.rb:11:in `call'
    C:/Ruby/lib/ruby/gems/1.8/gems/actionpack-2.3.2/lib/action_controller/vendor/rack-1.0/rack/lock.rb:11:in `synchronize'
    C:/Ruby/lib/ruby/gems/1.8/gems/actionpack-2.3.2/lib/action_controller/vendor/rack-1.0/rack/lock.rb:11:in `call'
    C:/Ruby/lib/ruby/gems/1.8/gems/actionpack-2.3.2/lib/action_controller/dispatcher.rb:106:in `call'
    C:/Ruby/lib/ruby/gems/1.8/gems/rails-2.3.2/lib/rails/rack/static.rb:31:in `call'
    C:/Ruby/lib/ruby/gems/1.8/gems/actionpack-2.3.2/lib/action_controller/vendor/rack-1.0/rack/urlmap.rb:46:in `call'
    C:/Ruby/lib/ruby/gems/1.8/gems/actionpack-2.3.2/lib/action_controller/vendor/rack-1.0/rack/urlmap.rb:40:in `each'
    C:/Ruby/lib/ruby/gems/1.8/gems/actionpack-2.3.2/lib/action_controller/vendor/rack-1.0/rack/urlmap.rb:40:in `call'
    C:/Ruby/lib/ruby/gems/1.8/gems/rails-2.3.2/lib/rails/rack/log_tailer.rb:17:in `call'
    C:/Ruby/lib/ruby/gems/1.8/gems/actionpack-2.3.2/lib/action_controller/vendor/rack-1.0/rack/content_length.rb:13:in `call'
    C:/Ruby/lib/ruby/gems/1.8/gems/actionpack-2.3.2/lib/action_controller/vendor/rack-1.0/rack/chunked.rb:15:in `call'
    C:/Ruby/lib/ruby/gems/1.8/gems/actionpack-2.3.2/lib/action_controller/vendor/rack-1.0/rack/handler/mongrel.rb:61:in `process'
    C:/Ruby/lib/ruby/gems/1.8/gems/mongrel-1.1.5-x86-mingw32/lib/mongrel.rb:159:in `process_client'
    C:/Ruby/lib/ruby/gems/1.8/gems/mongrel-1.1.5-x86-mingw32/lib/mongrel.rb:158:in `each'
    C:/Ruby/lib/ruby/gems/1.8/gems/mongrel-1.1.5-x86-mingw32/lib/mongrel.rb:158:in `process_client'
    C:/Ruby/lib/ruby/gems/1.8/gems/mongrel-1.1.5-x86-mingw32/lib/mongrel.rb:285:in `run'
    C:/Ruby/lib/ruby/gems/1.8/gems/mongrel-1.1.5-x86-mingw32/lib/mongrel.rb:285:in `initialize'
    C:/Ruby/lib/ruby/gems/1.8/gems/mongrel-1.1.5-x86-mingw32/lib/mongrel.rb:285:in `new'
    C:/Ruby/lib/ruby/gems/1.8/gems/mongrel-1.1.5-x86-mingw32/lib/mongrel.rb:285:in `run'
    C:/Ruby/lib/ruby/gems/1.8/gems/mongrel-1.1.5-x86-mingw32/lib/mongrel.rb:268:in `initialize'
    C:/Ruby/lib/ruby/gems/1.8/gems/mongrel-1.1.5-x86-mingw32/lib/mongrel.rb:268:in `new'
    C:/Ruby/lib/ruby/gems/1.8/gems/mongrel-1.1.5-x86-mingw32/lib/mongrel.rb:268:in `run'
    C:/Ruby/lib/ruby/gems/1.8/gems/actionpack-2.3.2/lib/action_controller/vendor/rack-1.0/rack/handler/mongrel.rb:34:in `run'
    C:/Ruby/lib/ruby/gems/1.8/gems/rails-2.3.2/lib/commands/server.rb:111
    C:/Ruby/lib/ruby/site_ruby/1.8/rubygems/custom_require.rb:31:in `gem_original_require'
    C:/Ruby/lib/ruby/site_ruby/1.8/rubygems/custom_require.rb:31:in `require'
    script/server:3
  [4;36;1mSQL (43.0ms)[0m   [0;1mSET SQL_AUTO_IS_NULL=0[0m


Processing BookController#INITIALSE (for 127.0.0.1 at 2010-08-22 21:56:23) [GET]

ActionController::UnknownAction (No action responded to INITIALSE. Actions: initialise):
  

Rendering rescues/layout (not_found)
  [4;35;1mSQL (1.0ms)[0m   [0mSET SQL_AUTO_IS_NULL=0[0m


Processing BookController#initialise (for 127.0.0.1 at 2010-08-22 21:57:17) [GET]

SyntaxError (C:/rails/websheet/app/models/sheet.rb:11: syntax error, unexpected tSYMBEG
	:value => 12
	 ^
C:/rails/websheet/app/models/sheet.rb:17: syntax error, unexpected tSYMBEG
	:value => 10
	 ^):
  app/models/book.rb:4:in `initialize'
  app/controllers/book_controller.rb:3:in `new'
  app/controllers/book_controller.rb:3:in `initialise'

Rendered rescues/_trace (283.0ms)
Rendered rescues/_request_and_response (28.0ms)
Rendering rescues/layout (internal_server_error)
  [4;36;1mSQL (0.0ms)[0m   [0;1mSET SQL_AUTO_IS_NULL=0[0m


Processing BookController#initialise (for 127.0.0.1 at 2010-08-22 22:00:22) [GET]
Completed in 69ms (View: 7, DB: 0) | 200 OK [http://localhost/BOOK/initialise]
  [4;35;1mSQL (0.0ms)[0m   [0mSET SQL_AUTO_IS_NULL=0[0m


Processing BookController#initialise (for 127.0.0.1 at 2010-08-22 22:00:34) [POST]

ActionController::InvalidAuthenticityToken (ActionController::InvalidAuthenticityToken):
  

Rendered rescues/_trace (292.0ms)
Rendered rescues/_request_and_response (2.0ms)
Rendering rescues/layout (unprocessable_entity)
  [4;36;1mSQL (2.0ms)[0m   [0;1mSET SQL_AUTO_IS_NULL=0[0m


Processing ApplicationController#index (for 127.0.0.1 at 2010-08-22 22:17:41) [GET]

ActionController::RoutingError (No route matches "/webseet/show" with {:method=>:get}):
  

Rendering rescues/layout (not_found)
  [4;35;1mSQL (0.0ms)[0m   [0mSET SQL_AUTO_IS_NULL=0[0m


Processing WebsheetController#show (for 127.0.0.1 at 2010-08-22 22:17:58) [GET]
Rendering template within layouts/application
Rendering websheet/show
ERROR: compiling _run_erb_app47views47layouts47application46html46erb RAISED compile error
C:/rails/websheet/app/views/layouts/application.html.erb:1: unterminated string meets end of file
C:/rails/websheet/app/views/layouts/application.html.erb:1: syntax error, unexpected $end, expecting ')'
Function body:           def _run_erb_app47views47layouts47application46html46erb(local_assigns)
            old_output_buffer = output_buffer;;@output_buffer = '';  __in_erb_template=true ; @output_buffer.concat "<div id='auth_token' value=\""; @output_buffer.concat(( 'form_authenticity_token ).to_s); @output_buffer.concat "\">\n  &nbsp;\n</div>\n  \n"



; @output_buffer
          ensure
            self.output_buffer = old_output_buffer
          end
Backtrace: C:/rails/websheet/app/views/layouts/application.html.erb:1:in `compile!'
C:/Ruby/lib/ruby/gems/1.8/gems/actionpack-2.3.2/lib/action_view/renderable.rb:61:in `compile'
C:/Ruby/lib/ruby/gems/1.8/gems/actionpack-2.3.2/lib/action_view/renderable.rb:28:in `render'
C:/Ruby/lib/ruby/gems/1.8/gems/actionpack-2.3.2/lib/action_view/template.rb:194:in `render_template'
C:/Ruby/lib/ruby/gems/1.8/gems/actionpack-2.3.2/lib/action_view/base.rb:260:in `render'
C:/Ruby/lib/ruby/gems/1.8/gems/actionpack-2.3.2/lib/action_view/base.rb:347:in `_render_with_layout'
C:/Ruby/lib/ruby/gems/1.8/gems/actionpack-2.3.2/lib/action_view/base.rb:257:in `render'
C:/Ruby/lib/ruby/gems/1.8/gems/actionpack-2.3.2/lib/action_controller/base.rb:1241:in `render_for_file'
C:/Ruby/lib/ruby/gems/1.8/gems/actionpack-2.3.2/lib/action_controller/base.rb:937:in `render_without_benchmark'
C:/Ruby/lib/ruby/gems/1.8/gems/actionpack-2.3.2/lib/action_controller/benchmarking.rb:51:in `render'
C:/Ruby/lib/ruby/gems/1.8/gems/activesupport-2.3.2/lib/active_support/core_ext/benchmark.rb:17:in `ms'
C:/Ruby/lib/ruby/1.8/benchmark.rb:308:in `realtime'
C:/Ruby/lib/ruby/gems/1.8/gems/activesupport-2.3.2/lib/active_support/core_ext/benchmark.rb:17:in `ms'
C:/Ruby/lib/ruby/gems/1.8/gems/actionpack-2.3.2/lib/action_controller/benchmarking.rb:51:in `render'
C:/Ruby/lib/ruby/gems/1.8/gems/actionpack-2.3.2/lib/action_controller/base.rb:1317:in `default_render'
C:/Ruby/lib/ruby/gems/1.8/gems/actionpack-2.3.2/lib/action_controller/base.rb:1323:in `perform_action_without_filters'
C:/Ruby/lib/ruby/gems/1.8/gems/actionpack-2.3.2/lib/action_controller/filters.rb:617:in `call_filters'
C:/Ruby/lib/ruby/gems/1.8/gems/actionpack-2.3.2/lib/action_controller/filters.rb:610:in `perform_action_without_benchmark'
C:/Ruby/lib/ruby/gems/1.8/gems/actionpack-2.3.2/lib/action_controller/benchmarking.rb:68:in `perform_action_without_rescue'
C:/Ruby/lib/ruby/gems/1.8/gems/activesupport-2.3.2/lib/active_support/core_ext/benchmark.rb:17:in `ms'
C:/Ruby/lib/ruby/1.8/benchmark.rb:308:in `realtime'
C:/Ruby/lib/ruby/gems/1.8/gems/activesupport-2.3.2/lib/active_support/core_ext/benchmark.rb:17:in `ms'
C:/Ruby/lib/ruby/gems/1.8/gems/actionpack-2.3.2/lib/action_controller/benchmarking.rb:68:in `perform_action_without_rescue'
C:/Ruby/lib/ruby/gems/1.8/gems/actionpack-2.3.2/lib/action_controller/rescue.rb:160:in `perform_action_without_flash'
C:/Ruby/lib/ruby/gems/1.8/gems/actionpack-2.3.2/lib/action_controller/flash.rb:141:in `perform_action'
C:/Ruby/lib/ruby/gems/1.8/gems/actionpack-2.3.2/lib/action_controller/base.rb:523:in `send'
C:/Ruby/lib/ruby/gems/1.8/gems/actionpack-2.3.2/lib/action_controller/base.rb:523:in `process_without_filters'
C:/Ruby/lib/ruby/gems/1.8/gems/actionpack-2.3.2/lib/action_controller/filters.rb:606:in `process'
C:/Ruby/lib/ruby/gems/1.8/gems/actionpack-2.3.2/lib/action_controller/base.rb:391:in `process'
C:/Ruby/lib/ruby/gems/1.8/gems/actionpack-2.3.2/lib/action_controller/base.rb:386:in `call'
C:/Ruby/lib/ruby/gems/1.8/gems/actionpack-2.3.2/lib/action_controller/routing/route_set.rb:433:in `call'
C:/Ruby/lib/ruby/gems/1.8/gems/actionpack-2.3.2/lib/action_controller/dispatcher.rb:88:in `dispatch'
C:/Ruby/lib/ruby/gems/1.8/gems/actionpack-2.3.2/lib/action_controller/dispatcher.rb:111:in `_call'
C:/Ruby/lib/ruby/gems/1.8/gems/actionpack-2.3.2/lib/action_controller/dispatcher.rb:82
C:/Ruby/lib/ruby/gems/1.8/gems/activerecord-2.3.2/lib/active_record/query_cache.rb:29:in `call'
C:/Ruby/lib/ruby/gems/1.8/gems/activerecord-2.3.2/lib/active_record/query_cache.rb:29:in `call'
C:/Ruby/lib/ruby/gems/1.8/gems/activerecord-2.3.2/lib/active_record/connection_adapters/abstract/query_cache.rb:34:in `cache'
C:/Ruby/lib/ruby/gems/1.8/gems/activerecord-2.3.2/lib/active_record/query_cache.rb:9:in `cache'
C:/Ruby/lib/ruby/gems/1.8/gems/activerecord-2.3.2/lib/active_record/query_cache.rb:28:in `call'
C:/Ruby/lib/ruby/gems/1.8/gems/activerecord-2.3.2/lib/active_record/connection_adapters/abstract/connection_pool.rb:361:in `call'
C:/Ruby/lib/ruby/gems/1.8/gems/actionpack-2.3.2/lib/action_controller/vendor/rack-1.0/rack/head.rb:9:in `call'
C:/Ruby/lib/ruby/gems/1.8/gems/actionpack-2.3.2/lib/action_controller/vendor/rack-1.0/rack/methodoverride.rb:24:in `call'
C:/Ruby/lib/ruby/gems/1.8/gems/actionpack-2.3.2/lib/action_controller/params_parser.rb:15:in `call'
C:/Ruby/lib/ruby/gems/1.8/gems/actionpack-2.3.2/lib/action_controller/rewindable_input.rb:25:in `call'
C:/Ruby/lib/ruby/gems/1.8/gems/actionpack-2.3.2/lib/action_controller/session/cookie_store.rb:93:in `call'
C:/Ruby/lib/ruby/gems/1.8/gems/actionpack-2.3.2/lib/action_controller/reloader.rb:9:in `call'
C:/Ruby/lib/ruby/gems/1.8/gems/actionpack-2.3.2/lib/action_controller/failsafe.rb:11:in `call'
C:/Ruby/lib/ruby/gems/1.8/gems/actionpack-2.3.2/lib/action_controller/vendor/rack-1.0/rack/lock.rb:11:in `call'
C:/Ruby/lib/ruby/gems/1.8/gems/actionpack-2.3.2/lib/action_controller/vendor/rack-1.0/rack/lock.rb:11:in `synchronize'
C:/Ruby/lib/ruby/gems/1.8/gems/actionpack-2.3.2/lib/action_controller/vendor/rack-1.0/rack/lock.rb:11:in `call'
C:/Ruby/lib/ruby/gems/1.8/gems/actionpack-2.3.2/lib/action_controller/dispatcher.rb:106:in `call'
C:/Ruby/lib/ruby/gems/1.8/gems/rails-2.3.2/lib/rails/rack/static.rb:31:in `call'
C:/Ruby/lib/ruby/gems/1.8/gems/actionpack-2.3.2/lib/action_controller/vendor/rack-1.0/rack/urlmap.rb:46:in `call'
C:/Ruby/lib/ruby/gems/1.8/gems/actionpack-2.3.2/lib/action_controller/vendor/rack-1.0/rack/urlmap.rb:40:in `each'
C:/Ruby/lib/ruby/gems/1.8/gems/actionpack-2.3.2/lib/action_controller/vendor/rack-1.0/rack/urlmap.rb:40:in `call'
C:/Ruby/lib/ruby/gems/1.8/gems/rails-2.3.2/lib/rails/rack/log_tailer.rb:17:in `call'
C:/Ruby/lib/ruby/gems/1.8/gems/actionpack-2.3.2/lib/action_controller/vendor/rack-1.0/rack/content_length.rb:13:in `call'
C:/Ruby/lib/ruby/gems/1.8/gems/actionpack-2.3.2/lib/action_controller/vendor/rack-1.0/rack/chunked.rb:15:in `call'
C:/Ruby/lib/ruby/gems/1.8/gems/actionpack-2.3.2/lib/action_controller/vendor/rack-1.0/rack/handler/mongrel.rb:61:in `process'
C:/Ruby/lib/ruby/gems/1.8/gems/mongrel-1.1.5-x86-mingw32/lib/mongrel.rb:159:in `process_client'
C:/Ruby/lib/ruby/gems/1.8/gems/mongrel-1.1.5-x86-mingw32/lib/mongrel.rb:158:in `each'
C:/Ruby/lib/ruby/gems/1.8/gems/mongrel-1.1.5-x86-mingw32/lib/mongrel.rb:158:in `process_client'
C:/Ruby/lib/ruby/gems/1.8/gems/mongrel-1.1.5-x86-mingw32/lib/mongrel.rb:285:in `run'
C:/Ruby/lib/ruby/gems/1.8/gems/mongrel-1.1.5-x86-mingw32/lib/mongrel.rb:285:in `initialize'
C:/Ruby/lib/ruby/gems/1.8/gems/mongrel-1.1.5-x86-mingw32/lib/mongrel.rb:285:in `new'
C:/Ruby/lib/ruby/gems/1.8/gems/mongrel-1.1.5-x86-mingw32/lib/mongrel.rb:285:in `run'
C:/Ruby/lib/ruby/gems/1.8/gems/mongrel-1.1.5-x86-mingw32/lib/mongrel.rb:268:in `initialize'
C:/Ruby/lib/ruby/gems/1.8/gems/mongrel-1.1.5-x86-mingw32/lib/mongrel.rb:268:in `new'
C:/Ruby/lib/ruby/gems/1.8/gems/mongrel-1.1.5-x86-mingw32/lib/mongrel.rb:268:in `run'
C:/Ruby/lib/ruby/gems/1.8/gems/actionpack-2.3.2/lib/action_controller/vendor/rack-1.0/rack/handler/mongrel.rb:34:in `run'
C:/Ruby/lib/ruby/gems/1.8/gems/rails-2.3.2/lib/commands/server.rb:111
C:/Ruby/lib/ruby/site_ruby/1.8/rubygems/custom_require.rb:31:in `gem_original_require'
C:/Ruby/lib/ruby/site_ruby/1.8/rubygems/custom_require.rb:31:in `require'
script/server:3

ActionView::TemplateError (compile error
C:/rails/websheet/app/views/layouts/application.html.erb:1: unterminated string meets end of file
C:/rails/websheet/app/views/layouts/application.html.erb:1: syntax error, unexpected $end, expecting ')') on line #1 of app/views/layouts/application.html.erb:
1: <div id='auth_token' value="<%= 'form_authenticity_token %>">
2:   &nbsp;
3: </div>
4:   

    app/views/layouts/application.html.erb:1:in `compile!'

Rendered rescues/_trace (286.0ms)
Rendered rescues/_request_and_response (7.0ms)
Rendering rescues/layout (internal_server_error)
  [4;36;1mSQL (1.0ms)[0m   [0;1mSET SQL_AUTO_IS_NULL=0[0m


Processing WebsheetController#show (for 127.0.0.1 at 2010-08-22 22:18:54) [GET]
Rendering template within layouts/application
Rendering websheet/show
Completed in 59ms (View: 53, DB: 1) | 200 OK [http://localhost/websheet/show]
  [4;35;1mSQL (0.0ms)[0m   [0mSET SQL_AUTO_IS_NULL=0[0m


Processing WebsheetController#show (for 127.0.0.1 at 2010-08-22 22:23:11) [GET]
Rendering template within layouts/application
Rendering websheet/show
Completed in 89ms (View: 80, DB: 0) | 200 OK [http://localhost/websheet/show]
  [4;36;1mSQL (1.0ms)[0m   [0;1mSET SQL_AUTO_IS_NULL=0[0m


Processing WebsheetController#javascripts to js (for 127.0.0.1 at 2010-08-22 22:23:11) [GET]
  Parameters: {"id"=>"prototype"}

ActionController::UnknownAction (No action responded to javascripts. Actions: index and show):
  

Rendering rescues/layout (not_found)
  [4;35;1mSQL (0.0ms)[0m   [0mSET SQL_AUTO_IS_NULL=0[0m


Processing WebsheetController#javascripts to js (for 127.0.0.1 at 2010-08-22 22:23:12) [GET]
  Parameters: {"id"=>"effects"}

ActionController::UnknownAction (No action responded to javascripts. Actions: index and show):
  

Rendering rescues/layout (not_found)
  [4;36;1mSQL (1.0ms)[0m   [0;1mSET SQL_AUTO_IS_NULL=0[0m


Processing WebsheetController#javascripts to js (for 127.0.0.1 at 2010-08-22 22:23:12) [GET]
  Parameters: {"id"=>"book"}

ActionController::UnknownAction (No action responded to javascripts. Actions: index and show):
  

Rendering rescues/layout (not_found)
  [4;35;1mSQL (1.0ms)[0m   [0mSET SQL_AUTO_IS_NULL=0[0m


Processing WebsheetController#javascripts to js (for 127.0.0.1 at 2010-08-22 22:23:13) [GET]
  Parameters: {"id"=>"sheet"}

ActionController::UnknownAction (No action responded to javascripts. Actions: index and show):
  

Rendering rescues/layout (not_found)
  [4;36;1mSQL (1.0ms)[0m   [0;1mSET SQL_AUTO_IS_NULL=0[0m


Processing WebsheetController#javascripts to js (for 127.0.0.1 at 2010-08-22 22:23:41) [GET]
  Parameters: {"id"=>"sheet"}

ActionController::UnknownAction (No action responded to javascripts. Actions: index and show):
  

Rendering rescues/layout (not_found)
  [4;36;1mSQL (0.0ms)[0m   [0;1mSET SQL_AUTO_IS_NULL=0[0m


Processing WebsheetController#show (for 127.0.0.1 at 2010-08-22 22:25:26) [GET]
Rendering template within layouts/application
Rendering websheet/show
Completed in 75ms (View: 69, DB: 0) | 200 OK [http://localhost/websheet/show]
  [4;35;1mSQL (1.0ms)[0m   [0mSET SQL_AUTO_IS_NULL=0[0m


Processing WebsheetController#javascripts to js (for 127.0.0.1 at 2010-08-22 22:25:27) [GET]
  Parameters: {"id"=>"prototype"}

ActionController::UnknownAction (No action responded to javascripts. Actions: index and show):
  

Rendering rescues/layout (not_found)
  [4;36;1mSQL (0.0ms)[0m   [0;1mSET SQL_AUTO_IS_NULL=0[0m


Processing WebsheetController#javascripts to js (for 127.0.0.1 at 2010-08-22 22:25:27) [GET]
  Parameters: {"id"=>"effects"}

ActionController::UnknownAction (No action responded to javascripts. Actions: index and show):
  

Rendering rescues/layout (not_found)
  [4;35;1mSQL (1.0ms)[0m   [0mSET SQL_AUTO_IS_NULL=0[0m


Processing WebsheetController#javascripts to js (for 127.0.0.1 at 2010-08-22 22:25:28) [GET]
  Parameters: {"id"=>"book"}

ActionController::UnknownAction (No action responded to javascripts. Actions: index and show):
  

Rendering rescues/layout (not_found)
  [4;36;1mSQL (1.0ms)[0m   [0;1mSET SQL_AUTO_IS_NULL=0[0m


Processing WebsheetController#javascripts to js (for 127.0.0.1 at 2010-08-22 22:25:29) [GET]
  Parameters: {"id"=>"sheet"}

ActionController::UnknownAction (No action responded to javascripts. Actions: index and show):
  

Rendering rescues/layout (not_found)
  [4;35;1mSQL (1.0ms)[0m   [0mSET SQL_AUTO_IS_NULL=0[0m


Processing WebsheetController#javascripts to js (for 127.0.0.1 at 2010-08-22 22:25:47) [GET]
  Parameters: {"id"=>"book"}

ActionController::UnknownAction (No action responded to javascripts. Actions: index and show):
  

Rendering rescues/layout (not_found)
  [4;36;1mSQL (1.0ms)[0m   [0;1mSET SQL_AUTO_IS_NULL=0[0m


Processing WebsheetController#javascripts to js (for 127.0.0.1 at 2010-08-22 22:25:48) [GET]
  Parameters: {"id"=>"effects"}

ActionController::UnknownAction (No action responded to javascripts. Actions: index and show):
  

Rendering rescues/layout (not_found)
  [4;35;1mSQL (0.0ms)[0m   [0mSET SQL_AUTO_IS_NULL=0[0m


Processing WebsheetController#javascripts to js (for 127.0.0.1 at 2010-08-22 22:26:05) [GET]
  Parameters: {"id"=>"sheet"}

ActionController::UnknownAction (No action responded to javascripts. Actions: index and show):
  

Rendering rescues/layout (not_found)
